This is pdfTeX, Version 3.141592653-2.6-1.40.26 (TeX Live 2024) (preloaded format=pdflatex 2025.1.6)  6 JAN 2025 15:32
entering extended mode
 restricted \write18 enabled.
 %&-line parsing enabled.
**crab_model_indices_forCPT.tex
(./crab_model_indices_forCPT.tex
LaTeX2e <2024-11-01> patch level 1
L3 programming layer <2024-12-09>
(c:/Users/emily.ryznar/AppData/Roaming/TinyTeX/texmf-dist/tex/latex/base/article.cls
Document Class: article 2024/06/29 v1.4n Standard LaTeX document class
(c:/Users/emily.ryznar/AppData/Roaming/TinyTeX/texmf-dist/tex/latex/base/size10.clo
File: size10.clo 2024/06/29 v1.4n Standard LaTeX file (size option)
)
\c@part=\count196
\c@section=\count197
\c@subsection=\count198
\c@subsubsection=\count199
\c@paragraph=\count266
\c@subparagraph=\count267
\c@figure=\count268
\c@table=\count269
\abovecaptionskip=\skip49
\belowcaptionskip=\skip50
\bibindent=\dimen141
) (c:/Users/emily.ryznar/AppData/Roaming/TinyTeX/texmf-dist/tex/latex/amsmath/amsmath.sty
Package: amsmath 2024/11/05 v2.17t AMS math features
\@mathmargin=\skip51
For additional information on amsmath, use the `?' option.
(c:/Users/emily.ryznar/AppData/Roaming/TinyTeX/texmf-dist/tex/latex/amsmath/amstext.sty
Package: amstext 2021/08/26 v2.01 AMS text
(c:/Users/emily.ryznar/AppData/Roaming/TinyTeX/texmf-dist/tex/latex/amsmath/amsgen.sty
File: amsgen.sty 1999/11/30 v2.0 generic functions
\@emptytoks=\toks17
\ex@=\dimen142
)) (c:/Users/emily.ryznar/AppData/Roaming/TinyTeX/texmf-dist/tex/latex/amsmath/amsbsy.sty
Package: amsbsy 1999/11/29 v1.2d Bold Symbols
\pmbraise@=\dimen143
) (c:/Users/emily.ryznar/AppData/Roaming/TinyTeX/texmf-dist/tex/latex/amsmath/amsopn.sty
Package: amsopn 2022/04/08 v2.04 operator names
)
\inf@bad=\count270
LaTeX Info: Redefining \frac on input line 233.
\uproot@=\count271
\leftroot@=\count272
LaTeX Info: Redefining \overline on input line 398.
LaTeX Info: Redefining \colon on input line 409.
\classnum@=\count273
\DOTSCASE@=\count274
LaTeX Info: Redefining \ldots on input line 495.
LaTeX Info: Redefining \dots on input line 498.
LaTeX Info: Redefining \cdots on input line 619.
\Mathstrutbox@=\box52
\strutbox@=\box53
LaTeX Info: Redefining \big on input line 721.
LaTeX Info: Redefining \Big on input line 722.
LaTeX Info: Redefining \bigg on input line 723.
LaTeX Info: Redefining \Bigg on input line 724.
\big@size=\dimen144
LaTeX Font Info:    Redeclaring font encoding OML on input line 742.
LaTeX Font Info:    Redeclaring font encoding OMS on input line 743.
\macc@depth=\count275
LaTeX Info: Redefining \bmod on input line 904.
LaTeX Info: Redefining \pmod on input line 909.
LaTeX Info: Redefining \smash on input line 939.
LaTeX Info: Redefining \relbar on input line 969.
LaTeX Info: Redefining \Relbar on input line 970.
\c@MaxMatrixCols=\count276
\dotsspace@=\muskip17
\c@parentequation=\count277
\dspbrk@lvl=\count278
\tag@help=\toks18
\row@=\count279
\column@=\count280
\maxfields@=\count281
\andhelp@=\toks19
\eqnshift@=\dimen145
\alignsep@=\dimen146
\tagshift@=\dimen147
\tagwidth@=\dimen148
\totwidth@=\dimen149
\lineht@=\dimen150
\@envbody=\toks20
\multlinegap=\skip52
\multlinetaggap=\skip53
\mathdisplay@stack=\toks21
LaTeX Info: Redefining \[ on input line 2953.
LaTeX Info: Redefining \] on input line 2954.
) (c:/Users/emily.ryznar/AppData/Roaming/TinyTeX/texmf-dist/tex/latex/amsfonts/amssymb.sty
Package: amssymb 2013/01/14 v3.01 AMS font symbols
(c:/Users/emily.ryznar/AppData/Roaming/TinyTeX/texmf-dist/tex/latex/amsfonts/amsfonts.sty
Package: amsfonts 2013/01/14 v3.01 Basic AMSFonts support
\symAMSa=\mathgroup4
\symAMSb=\mathgroup5
LaTeX Font Info:    Redeclaring math symbol \hbar on input line 98.
LaTeX Font Info:    Overwriting math alphabet `\mathfrak' in version `bold'
(Font)                  U/euf/m/n --> U/euf/b/n on input line 106.
)) (c:/Users/emily.ryznar/AppData/Roaming/TinyTeX/texmf-dist/tex/generic/iftex/iftex.sty
Package: iftex 2024/12/12 v1.0g TeX engine tests
) (c:/Users/emily.ryznar/AppData/Roaming/TinyTeX/texmf-dist/tex/latex/base/fontenc.sty
Package: fontenc 2021/04/29 v2.0v Standard LaTeX package
) (c:/Users/emily.ryznar/AppData/Roaming/TinyTeX/texmf-dist/tex/latex/base/inputenc.sty
Package: inputenc 2024/02/08 v1.3d Input encoding file
\inpenc@prehook=\toks22
\inpenc@posthook=\toks23
) (c:/Users/emily.ryznar/AppData/Roaming/TinyTeX/texmf-dist/tex/latex/base/textcomp.sty
Package: textcomp 2024/04/24 v2.1b Standard LaTeX package
) (c:/Users/emily.ryznar/AppData/Roaming/TinyTeX/texmf-dist/tex/latex/lm/lmodern.sty
Package: lmodern 2015/05/01 v1.6.1 Latin Modern Fonts
LaTeX Font Info:    Overwriting symbol font `operators' in version `normal'
(Font)                  OT1/cmr/m/n --> OT1/lmr/m/n on input line 22.
LaTeX Font Info:    Overwriting symbol font `letters' in version `normal'
(Font)                  OML/cmm/m/it --> OML/lmm/m/it on input line 23.
LaTeX Font Info:    Overwriting symbol font `symbols' in version `normal'
(Font)                  OMS/cmsy/m/n --> OMS/lmsy/m/n on input line 24.
LaTeX Font Info:    Overwriting symbol font `largesymbols' in version `normal'
(Font)                  OMX/cmex/m/n --> OMX/lmex/m/n on input line 25.
LaTeX Font Info:    Overwriting symbol font `operators' in version `bold'
(Font)                  OT1/cmr/bx/n --> OT1/lmr/bx/n on input line 26.
LaTeX Font Info:    Overwriting symbol font `letters' in version `bold'
(Font)                  OML/cmm/b/it --> OML/lmm/b/it on input line 27.
LaTeX Font Info:    Overwriting symbol font `symbols' in version `bold'
(Font)                  OMS/cmsy/b/n --> OMS/lmsy/b/n on input line 28.
LaTeX Font Info:    Overwriting symbol font `largesymbols' in version `bold'
(Font)                  OMX/cmex/m/n --> OMX/lmex/m/n on input line 29.
LaTeX Font Info:    Overwriting math alphabet `\mathbf' in version `normal'
(Font)                  OT1/cmr/bx/n --> OT1/lmr/bx/n on input line 31.
LaTeX Font Info:    Overwriting math alphabet `\mathsf' in version `normal'
(Font)                  OT1/cmss/m/n --> OT1/lmss/m/n on input line 32.
LaTeX Font Info:    Overwriting math alphabet `\mathit' in version `normal'
(Font)                  OT1/cmr/m/it --> OT1/lmr/m/it on input line 33.
LaTeX Font Info:    Overwriting math alphabet `\mathtt' in version `normal'
(Font)                  OT1/cmtt/m/n --> OT1/lmtt/m/n on input line 34.
LaTeX Font Info:    Overwriting math alphabet `\mathbf' in version `bold'
(Font)                  OT1/cmr/bx/n --> OT1/lmr/bx/n on input line 35.
LaTeX Font Info:    Overwriting math alphabet `\mathsf' in version `bold'
(Font)                  OT1/cmss/bx/n --> OT1/lmss/bx/n on input line 36.
LaTeX Font Info:    Overwriting math alphabet `\mathit' in version `bold'
(Font)                  OT1/cmr/bx/it --> OT1/lmr/bx/it on input line 37.
LaTeX Font Info:    Overwriting math alphabet `\mathtt' in version `bold'
(Font)                  OT1/cmtt/m/n --> OT1/lmtt/m/n on input line 38.
) (c:/Users/emily.ryznar/AppData/Roaming/TinyTeX/texmf-dist/tex/latex/xcolor/xcolor.sty
Package: xcolor 2024/09/29 v3.02 LaTeX color extensions (UK)
(c:/Users/emily.ryznar/AppData/Roaming/TinyTeX/texmf-dist/tex/latex/graphics-cfg/color.cfg
File: color.cfg 2016/01/02 v1.6 sample color configuration
)
Package xcolor Info: Driver file: pdftex.def on input line 274.
(c:/Users/emily.ryznar/AppData/Roaming/TinyTeX/texmf-dist/tex/latex/graphics-def/pdftex.def
File: pdftex.def 2024/04/13 v1.2c Graphics/color driver for pdftex
) (c:/Users/emily.ryznar/AppData/Roaming/TinyTeX/texmf-dist/tex/latex/graphics/mathcolor.ltx)
Package xcolor Info: Model `cmy' substituted by `cmy0' on input line 1349.
Package xcolor Info: Model `hsb' substituted by `rgb' on input line 1353.
Package xcolor Info: Model `RGB' extended on input line 1365.
Package xcolor Info: Model `HTML' substituted by `rgb' on input line 1367.
Package xcolor Info: Model `Hsb' substituted by `hsb' on input line 1368.
Package xcolor Info: Model `tHsb' substituted by `hsb' on input line 1369.
Package xcolor Info: Model `HSB' substituted by `hsb' on input line 1370.
Package xcolor Info: Model `Gray' substituted by `gray' on input line 1371.
Package xcolor Info: Model `wave' substituted by `hsb' on input line 1372.
) (c:/Users/emily.ryznar/AppData/Roaming/TinyTeX/texmf-dist/tex/latex/geometry/geometry.sty
Package: geometry 2020/01/02 v5.9 Page Geometry
(c:/Users/emily.ryznar/AppData/Roaming/TinyTeX/texmf-dist/tex/latex/graphics/keyval.sty
Package: keyval 2022/05/29 v1.15 key=value parser (DPC)
\KV@toks@=\toks24
) (c:/Users/emily.ryznar/AppData/Roaming/TinyTeX/texmf-dist/tex/generic/iftex/ifvtex.sty
Package: ifvtex 2019/10/25 v1.7 ifvtex legacy package. Use iftex instead.
)
\Gm@cnth=\count282
\Gm@cntv=\count283
\c@Gm@tempcnt=\count284
\Gm@bindingoffset=\dimen151
\Gm@wd@mp=\dimen152
\Gm@odd@mp=\dimen153
\Gm@even@mp=\dimen154
\Gm@layoutwidth=\dimen155
\Gm@layoutheight=\dimen156
\Gm@layouthoffset=\dimen157
\Gm@layoutvoffset=\dimen158
\Gm@dimlist=\toks25
) (c:/Users/emily.ryznar/AppData/Roaming/TinyTeX/texmf-dist/tex/latex/tools/longtable.sty
Package: longtable 2024-10-27 v4.22 Multi-page Table package (DPC)
\LTleft=\skip54
\LTright=\skip55
\LTpre=\skip56
\LTpost=\skip57
\LTchunksize=\count285
\LTcapwidth=\dimen159
\LT@head=\box54
\LT@firsthead=\box55
\LT@foot=\box56
\LT@lastfoot=\box57
\LT@gbox=\box58
\LT@cols=\count286
\LT@rows=\count287
\c@LT@tables=\count288
\c@LT@chunks=\count289
\LT@p@ftn=\toks26
) (c:/Users/emily.ryznar/AppData/Roaming/TinyTeX/texmf-dist/tex/latex/booktabs/booktabs.sty
Package: booktabs 2020/01/12 v1.61803398 Publication quality tables
\heavyrulewidth=\dimen160
\lightrulewidth=\dimen161
\cmidrulewidth=\dimen162
\belowrulesep=\dimen163
\belowbottomsep=\dimen164
\aboverulesep=\dimen165
\abovetopsep=\dimen166
\cmidrulesep=\dimen167
\cmidrulekern=\dimen168
\defaultaddspace=\dimen169
\@cmidla=\count290
\@cmidlb=\count291
\@aboverulesep=\dimen170
\@belowrulesep=\dimen171
\@thisruleclass=\count292
\@lastruleclass=\count293
\@thisrulewidth=\dimen172
) (c:/Users/emily.ryznar/AppData/Roaming/TinyTeX/texmf-dist/tex/latex/tools/array.sty
Package: array 2024/10/17 v2.6g Tabular extension package (FMi)
\col@sep=\dimen173
\ar@mcellbox=\box59
\extrarowheight=\dimen174
\NC@list=\toks27
\extratabsurround=\skip58
\backup@length=\skip59
\ar@cellbox=\box60
) (c:/Users/emily.ryznar/AppData/Roaming/TinyTeX/texmf-dist/tex/latex/tools/calc.sty
Package: calc 2023/07/08 v4.3 Infix arithmetic (KKT,FJ)
\calc@Acount=\count294
\calc@Bcount=\count295
\calc@Adimen=\dimen175
\calc@Bdimen=\dimen176
\calc@Askip=\skip60
\calc@Bskip=\skip61
LaTeX Info: Redefining \setlength on input line 80.
LaTeX Info: Redefining \addtolength on input line 81.
\calc@Ccount=\count296
\calc@Cskip=\skip62
) (c:/Users/emily.ryznar/AppData/Roaming/TinyTeX/texmf-dist/tex/latex/etoolbox/etoolbox.sty
Package: etoolbox 2020/10/05 v2.5k e-TeX tools for LaTeX (JAW)
\etb@tempcnta=\count297
) (c:/Users/emily.ryznar/AppData/Roaming/TinyTeX/texmf-dist/tex/latex/mdwtools/footnote.sty
Package: footnote 1997/01/28 1.13 Save footnotes around boxes
\fn@notes=\box61
\fn@width=\dimen177
) (c:/Users/emily.ryznar/AppData/Roaming/TinyTeX/texmf-dist/tex/latex/graphics/graphicx.sty
Package: graphicx 2021/09/16 v1.2d Enhanced LaTeX Graphics (DPC,SPQR)
(c:/Users/emily.ryznar/AppData/Roaming/TinyTeX/texmf-dist/tex/latex/graphics/graphics.sty
Package: graphics 2024/08/06 v1.4g Standard LaTeX Graphics (DPC,SPQR)
(c:/Users/emily.ryznar/AppData/Roaming/TinyTeX/texmf-dist/tex/latex/graphics/trig.sty
Package: trig 2023/12/02 v1.11 sin cos tan (DPC)
) (c:/Users/emily.ryznar/AppData/Roaming/TinyTeX/texmf-dist/tex/latex/graphics-cfg/graphics.cfg
File: graphics.cfg 2016/06/04 v1.11 sample graphics configuration
)
Package graphics Info: Driver file: pdftex.def on input line 106.
)
\Gin@req@height=\dimen178
\Gin@req@width=\dimen179
) (c:/Users/emily.ryznar/AppData/Roaming/TinyTeX/texmf-dist/tex/latex/caption/caption.sty
Package: caption 2023/08/05 v3.6o Customizing captions (AR)
(c:/Users/emily.ryznar/AppData/Roaming/TinyTeX/texmf-dist/tex/latex/caption/caption3.sty
Package: caption3 2023/07/31 v2.4d caption3 kernel (AR)
\caption@tempdima=\dimen180
\captionmargin=\dimen181
\caption@leftmargin=\dimen182
\caption@rightmargin=\dimen183
\caption@width=\dimen184
\caption@indent=\dimen185
\caption@parindent=\dimen186
\caption@hangindent=\dimen187
Package caption Info: Standard document class detected.
)
\c@caption@flags=\count298
\c@continuedfloat=\count299
Package caption Info: longtable package is loaded.
(c:/Users/emily.ryznar/AppData/Roaming/TinyTeX/texmf-dist/tex/latex/caption/ltcaption.sty
Package: ltcaption 2021/01/08 v1.4c longtable captions (AR)
)) (c:/Users/emily.ryznar/AppData/Roaming/TinyTeX/texmf-dist/tex/latex/pdflscape/pdflscape.sty
Package: pdflscape 2022-10-27 v0.13 Display of landscape pages in PDF
(c:/Users/emily.ryznar/AppData/Roaming/TinyTeX/texmf-dist/tex/latex/pdflscape/pdflscape-nometadata.sty
Package: pdflscape-nometadata 2022-10-28 v0.13 Display of landscape pages in PDF (HO)
(c:/Users/emily.ryznar/AppData/Roaming/TinyTeX/texmf-dist/tex/latex/graphics/lscape.sty
Package: lscape 2020/05/28 v3.02 Landscape Pages (DPC)
)
Package pdflscape Info: Auto-detected driver: pdftex on input line 81.
)) (c:/Users/emily.ryznar/AppData/Roaming/TinyTeX/texmf-dist/tex/latex/multirow/multirow.sty
Package: multirow 2024/11/12 v2.9 Span multiple rows of a table
\multirow@colwidth=\skip63
\multirow@cntb=\count300
\multirow@dima=\skip64
\bigstrutjot=\dimen188
) (c:/Users/emily.ryznar/AppData/Roaming/TinyTeX/texmf-dist/tex/latex/wrapfig/wrapfig.sty
\wrapoverhang=\dimen189
\WF@size=\dimen190
\c@WF@wrappedlines=\count301
\WF@box=\box62
\WF@everypar=\toks28
Package: wrapfig 2003/01/31  v 3.6
) (c:/Users/emily.ryznar/AppData/Roaming/TinyTeX/texmf-dist/tex/latex/float/float.sty
Package: float 2001/11/08 v1.3d Float enhancements (AL)
\c@float@type=\count302
\float@exts=\toks29
\float@box=\box63
\@float@everytoks=\toks30
\@floatcapt=\box64
) (c:/Users/emily.ryznar/AppData/Roaming/TinyTeX/texmf-dist/tex/latex/colortbl/colortbl.sty
Package: colortbl 2024/07/06 v1.0i Color table columns (DPC)
\everycr=\toks31
\minrowclearance=\skip65
\rownum=\count303
) (c:/Users/emily.ryznar/AppData/Roaming/TinyTeX/texmf-dist/tex/latex/tabu/tabu.sty
Package: tabu 2019/01/11 v2.9 - flexible LaTeX tabulars (FC+tabu-fixed)
(c:/Users/emily.ryznar/AppData/Roaming/TinyTeX/texmf-dist/tex/latex/varwidth/varwidth.sty
Package: varwidth 2009/03/30 ver 0.92;  Variable-width minipages
\@vwid@box=\box65
\sift@deathcycles=\count304
\@vwid@loff=\dimen191
\@vwid@roff=\dimen192
)
\c@taburow=\count305
\tabu@nbcols=\count306
\tabu@cnt=\count307
\tabu@Xcol=\count308
\tabu@alloc=\count309
\tabu@nested=\count310
\tabu@target=\dimen193
\tabu@spreadtarget=\dimen194
\tabu@naturalX=\dimen195
\tabucolX=\dimen196
\tabu@Xsum=\dimen197
\extrarowdepth=\dimen198
\abovetabulinesep=\dimen199
\belowtabulinesep=\dimen256
\tabustrutrule=\dimen257
\tabu@thebody=\toks32
\tabu@footnotes=\toks33
\tabu@box=\box66
\tabu@arstrutbox=\box67
\tabu@hleads=\box68
\tabu@vleads=\box69
\tabu@cellskip=\skip66
) (c:/Users/emily.ryznar/AppData/Roaming/TinyTeX/texmf-dist/tex/latex/threeparttable/threeparttable.sty
Package: threeparttable 2003/06/13  v 3.0
\@tempboxb=\box70
) (c:/Users/emily.ryznar/AppData/Roaming/TinyTeX/texmf-dist/tex/latex/threeparttablex/threeparttablex.sty
Package: threeparttablex 2013/07/23 v0.3 by daleif
(c:/Users/emily.ryznar/AppData/Roaming/TinyTeX/texmf-dist/tex/latex/environ/environ.sty
Package: environ 2014/05/04 v0.3 A new way to define environments
(c:/Users/emily.ryznar/AppData/Roaming/TinyTeX/texmf-dist/tex/latex/trimspaces/trimspaces.sty
Package: trimspaces 2009/09/17 v1.1 Trim spaces around a token list
))
\TPTL@width=\skip67
) (c:/Users/emily.ryznar/AppData/Roaming/TinyTeX/texmf-dist/tex/generic/ulem/ulem.sty
\UL@box=\box71
\UL@hyphenbox=\box72
\UL@skip=\skip68
\UL@hook=\toks34
\UL@height=\dimen258
\UL@pe=\count311
\UL@pixel=\dimen259
\ULC@box=\box73
Package: ulem 2019/11/18
\ULdepth=\dimen260
) (c:/Users/emily.ryznar/AppData/Roaming/TinyTeX/texmf-dist/tex/latex/makecell/makecell.sty
Package: makecell 2009/08/03 V0.1e Managing of Tab Column Heads and Cells
\rotheadsize=\dimen261
\c@nlinenum=\count312
\TeXr@lab=\toks35
) (c:/Users/emily.ryznar/AppData/Roaming/TinyTeX/texmf-dist/tex/latex/bookmark/bookmark.sty
Package: bookmark 2023-12-10 v1.31 PDF bookmarks (HO)
(c:/Users/emily.ryznar/AppData/Roaming/TinyTeX/texmf-dist/tex/latex/hyperref/hyperref.sty
Package: hyperref 2024-11-05 v7.01l Hypertext links for LaTeX
(c:/Users/emily.ryznar/AppData/Roaming/TinyTeX/texmf-dist/tex/latex/kvsetkeys/kvsetkeys.sty
Package: kvsetkeys 2022-10-05 v1.19 Key value parser (HO)
) (c:/Users/emily.ryznar/AppData/Roaming/TinyTeX/texmf-dist/tex/generic/kvdefinekeys/kvdefinekeys.sty
Package: kvdefinekeys 2019-12-19 v1.6 Define keys (HO)
) (c:/Users/emily.ryznar/AppData/Roaming/TinyTeX/texmf-dist/tex/generic/pdfescape/pdfescape.sty
Package: pdfescape 2019/12/09 v1.15 Implements pdfTeX's escape features (HO)
(c:/Users/emily.ryznar/AppData/Roaming/TinyTeX/texmf-dist/tex/generic/ltxcmds/ltxcmds.sty
Package: ltxcmds 2023-12-04 v1.26 LaTeX kernel commands for general use (HO)
) (c:/Users/emily.ryznar/AppData/Roaming/TinyTeX/texmf-dist/tex/generic/pdftexcmds/pdftexcmds.sty
Package: pdftexcmds 2020-06-27 v0.33 Utility functions of pdfTeX for LuaTeX (HO)
(c:/Users/emily.ryznar/AppData/Roaming/TinyTeX/texmf-dist/tex/generic/infwarerr/infwarerr.sty
Package: infwarerr 2019/12/03 v1.5 Providing info/warning/error messages (HO)
)
Package pdftexcmds Info: \pdf@primitive is available.
Package pdftexcmds Info: \pdf@ifprimitive is available.
Package pdftexcmds Info: \pdfdraftmode found.
)) (c:/Users/emily.ryznar/AppData/Roaming/TinyTeX/texmf-dist/tex/latex/hycolor/hycolor.sty
Package: hycolor 2020-01-27 v1.10 Color options for hyperref/bookmark (HO)
) (c:/Users/emily.ryznar/AppData/Roaming/TinyTeX/texmf-dist/tex/latex/hyperref/nameref.sty
Package: nameref 2023-11-26 v2.56 Cross-referencing by name of section
(c:/Users/emily.ryznar/AppData/Roaming/TinyTeX/texmf-dist/tex/latex/refcount/refcount.sty
Package: refcount 2019/12/15 v3.6 Data extraction from label references (HO)
) (c:/Users/emily.ryznar/AppData/Roaming/TinyTeX/texmf-dist/tex/generic/gettitlestring/gettitlestring.sty
Package: gettitlestring 2019/12/15 v1.6 Cleanup title references (HO)
(c:/Users/emily.ryznar/AppData/Roaming/TinyTeX/texmf-dist/tex/latex/kvoptions/kvoptions.sty
Package: kvoptions 2022-06-15 v3.15 Key value format for package options (HO)
))
\c@section@level=\count313
) (c:/Users/emily.ryznar/AppData/Roaming/TinyTeX/texmf-dist/tex/generic/stringenc/stringenc.sty
Package: stringenc 2019/11/29 v1.12 Convert strings between diff. encodings (HO)
)
\@linkdim=\dimen262
\Hy@linkcounter=\count314
\Hy@pagecounter=\count315
(c:/Users/emily.ryznar/AppData/Roaming/TinyTeX/texmf-dist/tex/latex/hyperref/pd1enc.def
File: pd1enc.def 2024-11-05 v7.01l Hyperref: PDFDocEncoding definition (HO)
Now handling font encoding PD1 ...
... no UTF-8 mapping file for font encoding PD1
) (c:/Users/emily.ryznar/AppData/Roaming/TinyTeX/texmf-dist/tex/generic/intcalc/intcalc.sty
Package: intcalc 2019/12/15 v1.3 Expandable calculations with integers (HO)
)
\Hy@SavedSpaceFactor=\count316
(c:/Users/emily.ryznar/AppData/Roaming/TinyTeX/texmf-dist/tex/latex/hyperref/puenc.def
File: puenc.def 2024-11-05 v7.01l Hyperref: PDF Unicode definition (HO)
Now handling font encoding PU ...
... no UTF-8 mapping file for font encoding PU
)
Package hyperref Info: Option `unicode' set `true' on input line 4040.
Package hyperref Info: Hyper figures OFF on input line 4157.
Package hyperref Info: Link nesting OFF on input line 4162.
Package hyperref Info: Hyper index ON on input line 4165.
Package hyperref Info: Plain pages OFF on input line 4172.
Package hyperref Info: Backreferencing OFF on input line 4177.
Package hyperref Info: Implicit mode ON; LaTeX internals redefined.
Package hyperref Info: Bookmarks ON on input line 4424.
\c@Hy@tempcnt=\count317
(c:/Users/emily.ryznar/AppData/Roaming/TinyTeX/texmf-dist/tex/latex/url/url.sty
\Urlmuskip=\muskip18
Package: url 2013/09/16  ver 3.4  Verb mode for urls, etc.
)
LaTeX Info: Redefining \url on input line 4763.
\XeTeXLinkMargin=\dimen263
(c:/Users/emily.ryznar/AppData/Roaming/TinyTeX/texmf-dist/tex/generic/bitset/bitset.sty
Package: bitset 2019/12/09 v1.3 Handle bit-vector datatype (HO)
(c:/Users/emily.ryznar/AppData/Roaming/TinyTeX/texmf-dist/tex/generic/bigintcalc/bigintcalc.sty
Package: bigintcalc 2019/12/15 v1.5 Expandable calculations on big integers (HO)
))
\Fld@menulength=\count318
\Field@Width=\dimen264
\Fld@charsize=\dimen265
Package hyperref Info: Hyper figures OFF on input line 6042.
Package hyperref Info: Link nesting OFF on input line 6047.
Package hyperref Info: Hyper index ON on input line 6050.
Package hyperref Info: backreferencing OFF on input line 6057.
Package hyperref Info: Link coloring OFF on input line 6062.
Package hyperref Info: Link coloring with OCG OFF on input line 6067.
Package hyperref Info: PDF/A mode OFF on input line 6072.
(c:/Users/emily.ryznar/AppData/Roaming/TinyTeX/texmf-dist/tex/latex/base/atbegshi-ltx.sty
Package: atbegshi-ltx 2021/01/10 v1.0c Emulation of the original atbegshi
package with kernel methods
)
\Hy@abspage=\count319
\c@Item=\count320
\c@Hfootnote=\count321
)
Package hyperref Info: Driver (autodetected): hpdftex.
(c:/Users/emily.ryznar/AppData/Roaming/TinyTeX/texmf-dist/tex/latex/hyperref/hpdftex.def
File: hpdftex.def 2024-11-05 v7.01l Hyperref driver for pdfTeX
(c:/Users/emily.ryznar/AppData/Roaming/TinyTeX/texmf-dist/tex/latex/base/atveryend-ltx.sty
Package: atveryend-ltx 2020/08/19 v1.0a Emulation of the original atveryend package
with kernel methods
)
\Fld@listcount=\count322
\c@bookmark@seq@number=\count323
(c:/Users/emily.ryznar/AppData/Roaming/TinyTeX/texmf-dist/tex/latex/rerunfilecheck/rerunfilecheck.sty
Package: rerunfilecheck 2022-07-10 v1.10 Rerun checks for auxiliary files (HO)
(c:/Users/emily.ryznar/AppData/Roaming/TinyTeX/texmf-dist/tex/generic/uniquecounter/uniquecounter.sty
Package: uniquecounter 2019/12/15 v1.4 Provide unlimited unique counter (HO)
)
Package uniquecounter Info: New unique counter `rerunfilecheck' on input line 285.
)
\Hy@SectionHShift=\skip69
) (c:/Users/emily.ryznar/AppData/Roaming/TinyTeX/texmf-dist/tex/latex/bookmark/bkm-pdftex.def
File: bkm-pdftex.def 2023-12-10 v1.31 bookmark driver for pdfTeX and luaTeX (HO)
\BKM@id=\count324
))
LaTeX Font Info:    Trying to load font information for T1+lmr on input line 112.
(c:/Users/emily.ryznar/AppData/Roaming/TinyTeX/texmf-dist/tex/latex/lm/t1lmr.fd
File: t1lmr.fd 2015/05/01 v1.6.1 Font defs for Latin Modern
) (c:/Users/emily.ryznar/AppData/Roaming/TinyTeX/texmf-dist/tex/latex/l3backend/l3backend-pdftex.def
File: l3backend-pdftex.def 2024-05-08 L3 backend support: PDF output (pdfTeX)
\l__color_backend_stack_int=\count325
\l__pdf_internal_box=\box74
) (./crab_model_indices_forCPT.aux)
\openout1 = `crab_model_indices_forCPT.aux'.

LaTeX Font Info:    Checking defaults for OML/cmm/m/it on input line 112.
LaTeX Font Info:    ... okay on input line 112.
LaTeX Font Info:    Checking defaults for OMS/cmsy/m/n on input line 112.
LaTeX Font Info:    ... okay on input line 112.
LaTeX Font Info:    Checking defaults for OT1/cmr/m/n on input line 112.
LaTeX Font Info:    ... okay on input line 112.
LaTeX Font Info:    Checking defaults for T1/cmr/m/n on input line 112.
LaTeX Font Info:    ... okay on input line 112.
LaTeX Font Info:    Checking defaults for TS1/cmr/m/n on input line 112.
LaTeX Font Info:    ... okay on input line 112.
LaTeX Font Info:    Checking defaults for OMX/cmex/m/n on input line 112.
LaTeX Font Info:    ... okay on input line 112.
LaTeX Font Info:    Checking defaults for U/cmr/m/n on input line 112.
LaTeX Font Info:    ... okay on input line 112.
LaTeX Font Info:    Checking defaults for PD1/pdf/m/n on input line 112.
LaTeX Font Info:    ... okay on input line 112.
LaTeX Font Info:    Checking defaults for PU/pdf/m/n on input line 112.
LaTeX Font Info:    ... okay on input line 112.
(c:/Users/emily.ryznar/AppData/Roaming/TinyTeX/texmf-dist/tex/latex/epstopdf-pkg/epstopdf-base.sty
Package: epstopdf-base 2020-01-24 v2.11 Base part for package epstopdf
Package epstopdf-base Info: Redefining graphics rule for `.eps' on input line 485.
(c:/Users/emily.ryznar/AppData/Roaming/TinyTeX/texmf-dist/tex/latex/latexconfig/epstopdf-sys.cfg
File: epstopdf-sys.cfg 2010/07/13 v1.3 Configuration of (r)epstopdf for TeX Live
))
*geometry* driver: auto-detecting
*geometry* detected driver: pdftex
*geometry* verbose mode - [ preamble ] result:
* driver: pdftex
* paper: <default>
* layout: <same size as paper>
* layoutoffset:(h,v)=(0.0pt,0.0pt)
* modes: 
* h-part:(L,W,R)=(72.26999pt, 469.75502pt, 72.26999pt)
* v-part:(T,H,B)=(72.26999pt, 650.43001pt, 72.26999pt)
* \paperwidth=614.295pt
* \paperheight=794.96999pt
* \textwidth=469.75502pt
* \textheight=650.43001pt
* \oddsidemargin=0.0pt
* \evensidemargin=0.0pt
* \topmargin=-37.0pt
* \headheight=12.0pt
* \headsep=25.0pt
* \topskip=10.0pt
* \footskip=30.0pt
* \marginparwidth=65.0pt
* \marginparsep=11.0pt
* \columnsep=10.0pt
* \skip\footins=9.0pt plus 4.0pt minus 2.0pt
* \hoffset=0.0pt
* \voffset=0.0pt
* \mag=1000
* \@twocolumnfalse
* \@twosidefalse
* \@mparswitchfalse
* \@reversemarginfalse
* (1in=72.27pt=25.4mm, 1cm=28.453pt)

Package caption Info: Begin \AtBeginDocument code.
Package caption Info: float package is loaded.
Package caption Info: hyperref package is loaded.
Package caption Info: threeparttable package is loaded.
Package caption Info: wrapfig package is loaded.
Package caption Info: End \AtBeginDocument code.
Package hyperref Info: Link coloring OFF on input line 112.
LaTeX Font Info:    Trying to load font information for OT1+lmr on input line 114.
(c:/Users/emily.ryznar/AppData/Roaming/TinyTeX/texmf-dist/tex/latex/lm/ot1lmr.fd
File: ot1lmr.fd 2015/05/01 v1.6.1 Font defs for Latin Modern
)
LaTeX Font Info:    Trying to load font information for OML+lmm on input line 114.
(c:/Users/emily.ryznar/AppData/Roaming/TinyTeX/texmf-dist/tex/latex/lm/omllmm.fd
File: omllmm.fd 2015/05/01 v1.6.1 Font defs for Latin Modern
)
LaTeX Font Info:    Trying to load font information for OMS+lmsy on input line 114.
(c:/Users/emily.ryznar/AppData/Roaming/TinyTeX/texmf-dist/tex/latex/lm/omslmsy.fd
File: omslmsy.fd 2015/05/01 v1.6.1 Font defs for Latin Modern
)
LaTeX Font Info:    Trying to load font information for OMX+lmex on input line 114.
(c:/Users/emily.ryznar/AppData/Roaming/TinyTeX/texmf-dist/tex/latex/lm/omxlmex.fd
File: omxlmex.fd 2015/05/01 v1.6.1 Font defs for Latin Modern
)
LaTeX Font Info:    External font `lmex10' loaded for size
(Font)              <12> on input line 114.
LaTeX Font Info:    External font `lmex10' loaded for size
(Font)              <8> on input line 114.
LaTeX Font Info:    External font `lmex10' loaded for size
(Font)              <6> on input line 114.
LaTeX Font Info:    Trying to load font information for U+msa on input line 114.
(c:/Users/emily.ryznar/AppData/Roaming/TinyTeX/texmf-dist/tex/latex/amsfonts/umsa.fd
File: umsa.fd 2013/01/14 v3.01 AMS symbols A
)
LaTeX Font Info:    Trying to load font information for U+msb on input line 114.
(c:/Users/emily.ryznar/AppData/Roaming/TinyTeX/texmf-dist/tex/latex/amsfonts/umsb.fd
File: umsb.fd 2013/01/14 v3.01 AMS symbols B
)

[1

{c:/Users/emily.ryznar/AppData/Roaming/TinyTeX/texmf-var/fonts/map/pdftex/updmap/pdftex.map}{c:/Users/emily.ryznar/AppData/Roaming/TinyTeX/texmf-dist/fonts/enc/dvips/lm/lm-ec.enc}{c:/Users/emily.ryznar/AppData/Roaming/TinyTeX/texmf-dist/fonts/enc/dvips/lm/lm-rm.enc}{c:/Users/emily.ryznar/AppData/Roaming/TinyTeX/texmf-dist/fonts/enc/dvips/lm/lm-mathit.enc}]
LaTeX Font Info:    Trying to load font information for TS1+lmr on input line 137.
(c:/Users/emily.ryznar/AppData/Roaming/TinyTeX/texmf-dist/tex/latex/lm/ts1lmr.fd
File: ts1lmr.fd 2015/05/01 v1.6.1 Font defs for Latin Modern
)
Underfull \hbox (badness 2726) in paragraph at lines 174--176
\T1/lmr/m/n/10 func-tions DHARMa::testQuantiles(), DHARMa::testDispersion(), DHARMa::testOutliers(), and
 []

LaTeX Font Info:    External font `lmex10' loaded for size
(Font)              <10> on input line 182.
LaTeX Font Info:    External font `lmex10' loaded for size
(Font)              <7> on input line 182.
LaTeX Font Info:    External font `lmex10' loaded for size
(Font)              <5> on input line 182.


[2{c:/Users/emily.ryznar/AppData/Roaming/TinyTeX/texmf-dist/fonts/enc/dvips/lm/lm-ts1.enc}]

LaTeX Warning: Reference `fig:nsrkc-mesh-100kn' on page 3 undefined on input line 187.


LaTeX Warning: Reference `fig:nsrkc-mesh-30kn' on page 3 undefined on input line 187.


LaTeX Warning: Reference `fig:nsrkc-pred-grid' on page 3 undefined on input line 187.


LaTeX Warning: Reference `fig:smbkc-mesh-120kn' on page 3 undefined on input line 192.


LaTeX Warning: Reference `fig:smbkc-mesh-50kn' on page 3 undefined on input line 192.


LaTeX Warning: Reference `fig:smbkc-pred-grid' on page 3 undefined on input line 192.



[3]

LaTeX Warning: Reference `fig:nsrkc-qq-30kn' on page 4 undefined on input line 223.


LaTeX Warning: Reference `fig:nsrkc-qq-100kn' on page 4 undefined on input line 223.


LaTeX Warning: Reference `fig:nsrkc-pred-30kn' on page 4 undefined on input line 228.


LaTeX Warning: Reference `fig:nsrkc-pred-100kn' on page 4 undefined on input line 228.


LaTeX Warning: Reference `fig:smbkc-qq-50kn' on page 4 undefined on input line 236.


LaTeX Warning: Reference `fig:smbkc-qq-120kn' on page 4 undefined on input line 236.



[4]

LaTeX Warning: Reference `fig:smbkc-pred-50kn' on page 5 undefined on input line 241.


LaTeX Warning: Reference `fig:smbkc-pred-120kn' on page 5 undefined on input line 241.


LaTeX Warning: Reference `fig:smbkc-index-obs' on page 5 undefined on input line 246.



[5]

[6

]

[7

]

[8]

[9]
<../BAIRDI/Figures/EBS_predgrid.png, id=120, 433.62pt x 289.08pt>
File: ../BAIRDI/Figures/EBS_predgrid.png Graphic file (type png)
<use ../BAIRDI/Figures/EBS_predgrid.png>
Package pdftex.def Info: ../BAIRDI/Figures/EBS_predgrid.png  used on input line 417.
(pdftex.def)             Requested size: 433.63878pt x 289.09251pt.
<../BAIRDI/Figures/mesh50.png, id=121, 433.62pt x 578.16pt>
File: ../BAIRDI/Figures/mesh50.png Graphic file (type png)
<use ../BAIRDI/Figures/mesh50.png>
Package pdftex.def Info: ../BAIRDI/Figures/mesh50.png  used on input line 426.
(pdftex.def)             Requested size: 433.63878pt x 578.18504pt.
<../BAIRDI/Figures/mesh90.png, id=123, 433.62pt x 578.16pt>
File: ../BAIRDI/Figures/mesh90.png Graphic file (type png)
<use ../BAIRDI/Figures/mesh90.png>
Package pdftex.def Info: ../BAIRDI/Figures/mesh90.png  used on input line 435.
(pdftex.def)             Requested size: 433.63878pt x 578.18504pt.
<../BAIRDI/Figures/mesh120.png, id=124, 433.62pt x 578.16pt>
File: ../BAIRDI/Figures/mesh120.png Graphic file (type png)
<use ../BAIRDI/Figures/mesh120.png>
Package pdftex.def Info: ../BAIRDI/Figures/mesh120.png  used on input line 444.
(pdftex.def)             Requested size: 433.63878pt x 578.18504pt.
<../BAIRDI/Figures/DHARMa_abundance_50-Delta-gamma_QQplot.png, id=125, 433.62pt x 505.89pt>
File: ../BAIRDI/Figures/DHARMa_abundance_50-Delta-gamma_QQplot.png Graphic file (type png)
<use ../BAIRDI/Figures/DHARMa_abundance_50-Delta-gamma_QQplot.png>
Package pdftex.def Info: ../BAIRDI/Figures/DHARMa_abundance_50-Delta-gamma_QQplot.png  used on input line 453.
(pdftex.def)             Requested size: 433.62555pt x 505.89645pt.
<../BAIRDI/Figures/DHARMa_biomass_50-Delta-gamma_QQplot.png, id=126, 433.62pt x 505.89pt>
File: ../BAIRDI/Figures/DHARMa_biomass_50-Delta-gamma_QQplot.png Graphic file (type png)
<use ../BAIRDI/Figures/DHARMa_biomass_50-Delta-gamma_QQplot.png>
Package pdftex.def Info: ../BAIRDI/Figures/DHARMa_biomass_50-Delta-gamma_QQplot.png  used on input line 462.
(pdftex.def)             Requested size: 433.62555pt x 505.89645pt.
<../BAIRDI/Figures/DHARMa_Male_abundance-50-Delta_gamma_SPATIAL.png, id=127, 722.7pt x 794.97pt>
File: ../BAIRDI/Figures/DHARMa_Male_abundance-50-Delta_gamma_SPATIAL.png Graphic file (type png)
<use ../BAIRDI/Figures/DHARMa_Male_abundance-50-Delta_gamma_SPATIAL.png>
Package pdftex.def Info: ../BAIRDI/Figures/DHARMa_Male_abundance-50-Delta_gamma_SPATIAL.png  used on input line 471.
(pdftex.def)             Requested size: 469.76045pt x 516.73651pt.
<../BAIRDI/Figures/DHARMa_Immature Female_abundance-50-Delta_gamma_SPATIAL.png, id=128, 722.7pt x 794.97pt>
File: ../BAIRDI/Figures/DHARMa_Immature Female_abundance-50-Delta_gamma_SPATIAL.png Graphic file (type png)
<use ../BAIRDI/Figures/DHARMa_Immature Female_abundance-50-Delta_gamma_SPATIAL.png>
Package pdftex.def Info: ../BAIRDI/Figures/DHARMa_Immature Female_abundance-50-Delta_gamma_SPATIAL.png  used on input line 480.
(pdftex.def)             Requested size: 469.76045pt x 516.73651pt.
<../BAIRDI/Figures/DHARMa_Mature Female_abundance-50-Delta_gamma_SPATIAL.png, id=129, 722.7pt x 794.97pt>
File: ../BAIRDI/Figures/DHARMa_Mature Female_abundance-50-Delta_gamma_SPATIAL.png Graphic file (type png)
<use ../BAIRDI/Figures/DHARMa_Mature Female_abundance-50-Delta_gamma_SPATIAL.png>
Package pdftex.def Info: ../BAIRDI/Figures/DHARMa_Mature Female_abundance-50-Delta_gamma_SPATIAL.png  used on input line 489.
(pdftex.def)             Requested size: 469.76045pt x 516.73651pt.
<../BAIRDI/Figures/DHARMa_Male_biomass-50-Delta_gamma_SPATIAL.png, id=130, 722.7pt x 794.97pt>
File: ../BAIRDI/Figures/DHARMa_Male_biomass-50-Delta_gamma_SPATIAL.png Graphic file (type png)
<use ../BAIRDI/Figures/DHARMa_Male_biomass-50-Delta_gamma_SPATIAL.png>
Package pdftex.def Info: ../BAIRDI/Figures/DHARMa_Male_biomass-50-Delta_gamma_SPATIAL.png  used on input line 498.
(pdftex.def)             Requested size: 469.76045pt x 516.73651pt.
<../BAIRDI/Figures/DHARMa_Immature Female_biomass-50-Delta_gamma_SPATIAL.png, id=131, 722.7pt x 794.97pt>
File: ../BAIRDI/Figures/DHARMa_Immature Female_biomass-50-Delta_gamma_SPATIAL.png Graphic file (type png)
<use ../BAIRDI/Figures/DHARMa_Immature Female_biomass-50-Delta_gamma_SPATIAL.png>
Package pdftex.def Info: ../BAIRDI/Figures/DHARMa_Immature Female_biomass-50-Delta_gamma_SPATIAL.png  used on input line 507.
(pdftex.def)             Requested size: 469.76045pt x 516.73651pt.
<../BAIRDI/Figures/DHARMa_Mature Female_biomass-50-Delta_gamma_SPATIAL.png, id=132, 722.7pt x 794.97pt>
File: ../BAIRDI/Figures/DHARMa_Mature Female_biomass-50-Delta_gamma_SPATIAL.png Graphic file (type png)
<use ../BAIRDI/Figures/DHARMa_Mature Female_biomass-50-Delta_gamma_SPATIAL.png>
Package pdftex.def Info: ../BAIRDI/Figures/DHARMa_Mature Female_biomass-50-Delta_gamma_SPATIAL.png  used on input line 516.
(pdftex.def)             Requested size: 469.76045pt x 516.73651pt.
<../BAIRDI/Figures/EBS_male_spatabund.png, id=133, 614.295pt x 686.565pt>
File: ../BAIRDI/Figures/EBS_male_spatabund.png Graphic file (type png)
<use ../BAIRDI/Figures/EBS_male_spatabund.png>
Package pdftex.def Info: ../BAIRDI/Figures/EBS_male_spatabund.png  used on input line 525.
(pdftex.def)             Requested size: 469.75604pt x 525.02147pt.
<../BAIRDI/Figures/EBS_imfem_spatabund.png, id=134, 614.295pt x 686.565pt>
File: ../BAIRDI/Figures/EBS_imfem_spatabund.png Graphic file (type png)
<use ../BAIRDI/Figures/EBS_imfem_spatabund.png>
Package pdftex.def Info: ../BAIRDI/Figures/EBS_imfem_spatabund.png  used on input line 534.
(pdftex.def)             Requested size: 469.75604pt x 525.02147pt.
<../BAIRDI/Figures/EBS_matfem_spatabund.png, id=135, 614.295pt x 686.565pt>
File: ../BAIRDI/Figures/EBS_matfem_spatabund.png Graphic file (type png)
<use ../BAIRDI/Figures/EBS_matfem_spatabund.png>
Package pdftex.def Info: ../BAIRDI/Figures/EBS_matfem_spatabund.png  used on input line 543.
(pdftex.def)             Requested size: 469.75604pt x 525.02147pt.
<../BAIRDI/Figures/EBS_male_spatbio.png, id=136, 614.295pt x 686.565pt>
File: ../BAIRDI/Figures/EBS_male_spatbio.png Graphic file (type png)
<use ../BAIRDI/Figures/EBS_male_spatbio.png>
Package pdftex.def Info: ../BAIRDI/Figures/EBS_male_spatbio.png  used on input line 552.
(pdftex.def)             Requested size: 469.75604pt x 525.02147pt.
<../BAIRDI/Figures/EBS_imfem_spatbio.png, id=137, 614.295pt x 686.565pt>
File: ../BAIRDI/Figures/EBS_imfem_spatbio.png Graphic file (type png)
<use ../BAIRDI/Figures/EBS_imfem_spatbio.png>
Package pdftex.def Info: ../BAIRDI/Figures/EBS_imfem_spatbio.png  used on input line 561.
(pdftex.def)             Requested size: 469.75604pt x 525.02147pt.
<../BAIRDI/Figures/EBS_matfem_spatbio.png, id=138, 614.295pt x 686.565pt>
File: ../BAIRDI/Figures/EBS_matfem_spatbio.png Graphic file (type png)
<use ../BAIRDI/Figures/EBS_matfem_spatbio.png>
Package pdftex.def Info: ../BAIRDI/Figures/EBS_matfem_spatbio.png  used on input line 570.
(pdftex.def)             Requested size: 469.75604pt x 525.02147pt.
<../BAIRDI/Figures/TannerEBS.abundance.index.png, id=139, 542.025pt x 650.43pt>
File: ../BAIRDI/Figures/TannerEBS.abundance.index.png Graphic file (type png)
<use ../BAIRDI/Figures/TannerEBS.abundance.index.png>
Package pdftex.def Info: ../BAIRDI/Figures/TannerEBS.abundance.index.png  used on input line 579.
(pdftex.def)             Requested size: 469.77148pt x 563.72578pt.
<../BAIRDI/Figures/TannerEBS.biomass.index.png, id=140, 542.025pt x 650.43pt>
File: ../BAIRDI/Figures/TannerEBS.biomass.index.png Graphic file (type png)
<use ../BAIRDI/Figures/TannerEBS.biomass.index.png>
Package pdftex.def Info: ../BAIRDI/Figures/TannerEBS.biomass.index.png  used on input line 588.
(pdftex.def)             Requested size: 469.77148pt x 563.72578pt.


[10



 <../BAIRDI/Figures/EBS_predgrid.png>]

[11 <../BAIRDI/Figures/mesh50.png>]

[12 <../BAIRDI/Figures/mesh90.png>]

[13 <../BAIRDI/Figures/mesh120.png>]

[14 <../BAIRDI/Figures/DHARMa_abundance_50-Delta-gamma_QQplot.png>]

[15 <../BAIRDI/Figures/DHARMa_biomass_50-Delta-gamma_QQplot.png>]

[16 <../BAIRDI/Figures/DHARMa_Male_abundance-50-Delta_gamma_SPATIAL.png>]

[17 <../BAIRDI/Figures/DHARMa_Immature Female_abundance-50-Delta_gamma_SPATIAL.png>]

[18 <../BAIRDI/Figures/DHARMa_Mature Female_abundance-50-Delta_gamma_SPATIAL.png>]

[19 <../BAIRDI/Figures/DHARMa_Male_biomass-50-Delta_gamma_SPATIAL.png>]

[20 <../BAIRDI/Figures/DHARMa_Immature Female_biomass-50-Delta_gamma_SPATIAL.png>]

[21 <../BAIRDI/Figures/DHARMa_Mature Female_biomass-50-Delta_gamma_SPATIAL.png>]

[22 <../BAIRDI/Figures/EBS_male_spatabund.png>]

[23 <../BAIRDI/Figures/EBS_imfem_spatabund.png>]

[24 <../BAIRDI/Figures/EBS_matfem_spatabund.png>]

[25 <../BAIRDI/Figures/EBS_male_spatbio.png>]

[26 <../BAIRDI/Figures/EBS_imfem_spatbio.png>]

[27 <../BAIRDI/Figures/EBS_matfem_spatbio.png>]

[28 <../BAIRDI/Figures/TannerEBS.abundance.index.png>]

[29 <../BAIRDI/Figures/TannerEBS.biomass.index.png>]
<../BAIRDI/Figures/west_predgrid.png, id=238, 433.62pt x 289.08pt>
File: ../BAIRDI/Figures/west_predgrid.png Graphic file (type png)
<use ../BAIRDI/Figures/west_predgrid.png>
Package pdftex.def Info: ../BAIRDI/Figures/west_predgrid.png  used on input line 602.
(pdftex.def)             Requested size: 433.63878pt x 289.09251pt.
<../BAIRDI/Figures/east_predgrid.png, id=239, 433.62pt x 289.08pt>
File: ../BAIRDI/Figures/east_predgrid.png Graphic file (type png)
<use ../BAIRDI/Figures/east_predgrid.png>
Package pdftex.def Info: ../BAIRDI/Figures/east_predgrid.png  used on input line 611.
(pdftex.def)             Requested size: 433.63878pt x 289.09251pt.
<../BAIRDI/Figures/TannerW_male_spatabund.png, id=240, 614.295pt x 686.565pt>
File: ../BAIRDI/Figures/TannerW_male_spatabund.png Graphic file (type png)
<use ../BAIRDI/Figures/TannerW_male_spatabund.png>
Package pdftex.def Info: ../BAIRDI/Figures/TannerW_male_spatabund.png  used on input line 620.
(pdftex.def)             Requested size: 469.75604pt x 525.02147pt.
<../BAIRDI/Figures/TannerW_imfem_spatabund.png, id=241, 614.295pt x 686.565pt>
File: ../BAIRDI/Figures/TannerW_imfem_spatabund.png Graphic file (type png)
<use ../BAIRDI/Figures/TannerW_imfem_spatabund.png>
Package pdftex.def Info: ../BAIRDI/Figures/TannerW_imfem_spatabund.png  used on input line 629.
(pdftex.def)             Requested size: 469.75604pt x 525.02147pt.
<../BAIRDI/Figures/TannerW_matfem_spatabund.png, id=242, 614.295pt x 686.565pt>
File: ../BAIRDI/Figures/TannerW_matfem_spatabund.png Graphic file (type png)
<use ../BAIRDI/Figures/TannerW_matfem_spatabund.png>
Package pdftex.def Info: ../BAIRDI/Figures/TannerW_matfem_spatabund.png  used on input line 638.
(pdftex.def)             Requested size: 469.75604pt x 525.02147pt.
<../BAIRDI/Figures/TannerW_male_spatbio.png, id=243, 614.295pt x 686.565pt>
File: ../BAIRDI/Figures/TannerW_male_spatbio.png Graphic file (type png)
<use ../BAIRDI/Figures/TannerW_male_spatbio.png>
Package pdftex.def Info: ../BAIRDI/Figures/TannerW_male_spatbio.png  used on input line 647.
(pdftex.def)             Requested size: 469.75604pt x 525.02147pt.
<../BAIRDI/Figures/TannerW_imfem_spatbio.png, id=244, 614.295pt x 686.565pt>
File: ../BAIRDI/Figures/TannerW_imfem_spatbio.png Graphic file (type png)
<use ../BAIRDI/Figures/TannerW_imfem_spatbio.png>
Package pdftex.def Info: ../BAIRDI/Figures/TannerW_imfem_spatbio.png  used on input line 656.
(pdftex.def)             Requested size: 469.75604pt x 525.02147pt.
<../BAIRDI/Figures/TannerW_matfem_spatbio.png, id=245, 614.295pt x 686.565pt>
File: ../BAIRDI/Figures/TannerW_matfem_spatbio.png Graphic file (type png)
<use ../BAIRDI/Figures/TannerW_matfem_spatbio.png>
Package pdftex.def Info: ../BAIRDI/Figures/TannerW_matfem_spatbio.png  used on input line 665.
(pdftex.def)             Requested size: 469.75604pt x 525.02147pt.
<../BAIRDI/Figures/TannerE_male_spatabund.png, id=246, 614.295pt x 686.565pt>
File: ../BAIRDI/Figures/TannerE_male_spatabund.png Graphic file (type png)
<use ../BAIRDI/Figures/TannerE_male_spatabund.png>
Package pdftex.def Info: ../BAIRDI/Figures/TannerE_male_spatabund.png  used on input line 674.
(pdftex.def)             Requested size: 469.75604pt x 525.02147pt.
<../BAIRDI/Figures/TannerE_imfem_spatabund.png, id=247, 614.295pt x 686.565pt>
File: ../BAIRDI/Figures/TannerE_imfem_spatabund.png Graphic file (type png)
<use ../BAIRDI/Figures/TannerE_imfem_spatabund.png>
Package pdftex.def Info: ../BAIRDI/Figures/TannerE_imfem_spatabund.png  used on input line 683.
(pdftex.def)             Requested size: 469.75604pt x 525.02147pt.
<../BAIRDI/Figures/TannerE_matfem_spatabund.png, id=248, 614.295pt x 686.565pt>
File: ../BAIRDI/Figures/TannerE_matfem_spatabund.png Graphic file (type png)
<use ../BAIRDI/Figures/TannerE_matfem_spatabund.png>
Package pdftex.def Info: ../BAIRDI/Figures/TannerE_matfem_spatabund.png  used on input line 692.
(pdftex.def)             Requested size: 469.75604pt x 525.02147pt.
<../BAIRDI/Figures/TannerE_male_spatbio.png, id=249, 614.295pt x 686.565pt>
File: ../BAIRDI/Figures/TannerE_male_spatbio.png Graphic file (type png)
<use ../BAIRDI/Figures/TannerE_male_spatbio.png>
Package pdftex.def Info: ../BAIRDI/Figures/TannerE_male_spatbio.png  used on input line 701.
(pdftex.def)             Requested size: 469.75604pt x 525.02147pt.
<../BAIRDI/Figures/TannerE_imfem_spatbio.png, id=250, 614.295pt x 686.565pt>
File: ../BAIRDI/Figures/TannerE_imfem_spatbio.png Graphic file (type png)
<use ../BAIRDI/Figures/TannerE_imfem_spatbio.png>
Package pdftex.def Info: ../BAIRDI/Figures/TannerE_imfem_spatbio.png  used on input line 710.
(pdftex.def)             Requested size: 469.75604pt x 525.02147pt.
<../BAIRDI/Figures/TannerE_matfem_spatbio.png, id=251, 614.295pt x 686.565pt>
File: ../BAIRDI/Figures/TannerE_matfem_spatbio.png Graphic file (type png)
<use ../BAIRDI/Figures/TannerE_matfem_spatbio.png>
Package pdftex.def Info: ../BAIRDI/Figures/TannerE_matfem_spatbio.png  used on input line 719.
(pdftex.def)             Requested size: 469.75604pt x 525.02147pt.


[30

 <../BAIRDI/Figures/west_predgrid.png>]

[31 <../BAIRDI/Figures/east_predgrid.png>]

[32 <../BAIRDI/Figures/TannerW_male_spatabund.png>]

[33 <../BAIRDI/Figures/TannerW_imfem_spatabund.png>]

[34 <../BAIRDI/Figures/TannerW_matfem_spatabund.png>]

[35 <../BAIRDI/Figures/TannerW_male_spatbio.png>]

[36 <../BAIRDI/Figures/TannerW_imfem_spatbio.png>]

[37 <../BAIRDI/Figures/TannerW_matfem_spatbio.png>]

[38 <../BAIRDI/Figures/TannerE_male_spatabund.png>]

[39 <../BAIRDI/Figures/TannerE_imfem_spatabund.png>]

[40 <../BAIRDI/Figures/TannerE_matfem_spatabund.png>]

[41 <../BAIRDI/Figures/TannerE_male_spatbio.png>]

[42 <../BAIRDI/Figures/TannerE_imfem_spatbio.png>]

[43 <../BAIRDI/Figures/TannerE_matfem_spatbio.png>] (./crab_model_indices_forCPT.aux)
 ***********
LaTeX2e <2024-11-01> patch level 1
L3 programming layer <2024-12-09>
 ***********

LaTeX Warning: There were undefined references.

 ) 
Here is how much of TeX's memory you used:
 14828 strings out of 475213
 252871 string characters out of 5764878
 679856 words of memory out of 5000000
 37433 multiletter control sequences out of 15000+600000
 608851 words of font info for 78 fonts, out of 8000000 for 9000
 14 hyphenation exceptions out of 8191
 89i,10n,93p,1549b,450s stack positions out of 10000i,1000n,20000p,200000b,200000s
<c:/Users/emily.ryznar/AppData/Roaming/TinyTeX/texmf-dist/fonts/type1/public/lm/lmbx10.pfb><c:/Users/emily.ryznar/AppData/Roaming/TinyTeX/texmf-dist/fonts/type1/public/lm/lmbx12.pfb><c:/Users/emily.ryznar/AppData/Roaming/TinyTeX/texmf-dist/fonts/type1/public/lm/lmmi8.pfb><c:/Users/emily.ryznar/AppData/Roaming/TinyTeX/texmf-dist/fonts/type1/public/lm/lmr10.pfb><c:/Users/emily.ryznar/AppData/Roaming/TinyTeX/texmf-dist/fonts/type1/public/lm/lmr12.pfb><c:/Users/emily.ryznar/AppData/Roaming/TinyTeX/texmf-dist/fonts/type1/public/lm/lmr17.pfb><c:/Users/emily.ryznar/AppData/Roaming/TinyTeX/texmf-dist/fonts/type1/public/lm/lmr7.pfb><c:/Users/emily.ryznar/AppData/Roaming/TinyTeX/texmf-dist/fonts/type1/public/lm/lmr8.pfb><c:/Users/emily.ryznar/AppData/Roaming/TinyTeX/texmf-dist/fonts/type1/public/lm/lmri10.pfb>
Output written on crab_model_indices_forCPT.pdf (43 pages, 35357673 bytes).
PDF statistics:
 462 PDF objects out of 1000 (max. 8388607)
 357 compressed objects within 4 object streams
 103 named destinations out of 1000 (max. 500000)
 355 words of extra memory for PDF output out of 10000 (max. 10000000)

